<?xml version="1.0" encoding="UTF-8"?>
<!-- Generated by org.testng.reporters.JUnitXMLReporter -->
<testsuite ignored="1" hostname="RajKawale7" failures="0" tests="1" name="Default test" time="2.722" errors="0" timestamp="2022-09-11T13:38:47 IST">
  <testcase classname="com.bridgelabz.spotify.SpotifyPlaylist" name="getPlaylist" time="2.687"/>
  <testcase classname="com.bridgelabz.spotify.SpotifyPlaylist" name="CreatePlaylist" time="0.0">
    <ignored/>
  </testcase> <!-- CreatePlaylist -->
</testsuite> <!-- Default test -->
