<?xml version="1.0" encoding="UTF-8"?>
<!-- Generated by org.testng.reporters.JUnitXMLReporter -->
<testsuite ignored="2" hostname="RajKawale7" failures="0" tests="1" name="Default test" time="2.245" errors="0" timestamp="2022-09-11T20:52:09 IST">
  <testcase classname="com.bridgelabz.spotify.SpotifyPlaylist" name="addItemsToPlaylist" time="2.211"/>
  <testcase classname="com.bridgelabz.spotify.SpotifyPlaylist" name="getPlaylist" time="0.0">
    <ignored/>
  </testcase> <!-- getPlaylist -->
  <testcase classname="com.bridgelabz.spotify.SpotifyPlaylist" name="CreatePlaylist" time="0.0">
    <ignored/>
  </testcase> <!-- CreatePlaylist -->
</testsuite> <!-- Default test -->
