<?xml version="1.0" encoding="UTF-8"?>
<testng-results ignored="2" total="3" passed="1" failed="0" skipped="0">
  <reporter-output>
  </reporter-output>
  <suite started-at="2022-09-11T20:52:07 IST" name="Default suite" finished-at="2022-09-11T20:52:09 IST" duration-ms="2245">
    <groups>
    </groups>
    <test started-at="2022-09-11T20:52:07 IST" name="Default test" finished-at="2022-09-11T20:52:09 IST" duration-ms="2245">
      <class name="com.bridgelabz.spotify.SpotifyPlaylist">
        <test-method signature="addItemsToPlaylist()[pri:0, instance:com.bridgelabz.spotify.SpotifyPlaylist@49c386c8]" started-at="2022-09-11T20:52:07 IST" name="addItemsToPlaylist" finished-at="2022-09-11T20:52:09 IST" duration-ms="2211" status="PASS">
          <reporter-output>
          </reporter-output>
        </test-method> <!-- addItemsToPlaylist -->
      </class> <!-- com.bridgelabz.spotify.SpotifyPlaylist -->
    </test> <!-- Default test -->
  </suite> <!-- Default suite -->
</testng-results>
