<?xml version="1.0" encoding="UTF-8"?>
<testng-results ignored="1" total="2" passed="1" failed="0" skipped="0">
  <reporter-output>
  </reporter-output>
  <suite started-at="2022-09-11T13:38:44 IST" name="Default suite" finished-at="2022-09-11T13:38:47 IST" duration-ms="2722">
    <groups>
    </groups>
    <test started-at="2022-09-11T13:38:44 IST" name="Default test" finished-at="2022-09-11T13:38:47 IST" duration-ms="2722">
      <class name="com.bridgelabz.spotify.SpotifyPlaylist">
        <test-method signature="getPlaylist()[pri:0, instance:com.bridgelabz.spotify.SpotifyPlaylist@1f0f1111]" started-at="2022-09-11T13:38:44 IST" name="getPlaylist" finished-at="2022-09-11T13:38:47 IST" duration-ms="2687" status="PASS">
          <reporter-output>
          </reporter-output>
        </test-method> <!-- getPlaylist -->
      </class> <!-- com.bridgelabz.spotify.SpotifyPlaylist -->
    </test> <!-- Default test -->
  </suite> <!-- Default suite -->
</testng-results>
